AGHI
AGMUNDR
AGNARR
ÁKI
ÁLEIFR
ALFARR
ALFHILDR
ALFVIN
ARI
ARNBJØRG
ARNFINNR
ÁRNI
ARNÓRR
ARNÞÓRR
ARNVIÐR
ÁSA
ÁSBJØRN
ÁSDÍS
ÁSGEIRR
ÁSHILDR
ÁSKETILL
ÁSLAUG
ÁSMUNDR
ÁSTA
ÁSTRÍÐR
ÁSVALDR
AÐALSTEINN
AUÐRHILDR
BAGGI
BÁRÐR
BERGLJÓT
BIRGIR
BJARNI
BJARTR
BJØRG
BJØRN
BORGHILDR
BÓTHILDR
BRANDR
BRYNHILDR
BRYNJA
BRYNJARR
BÚI
DAGFINNR
DAGMÆR
DAGNÝ
DAGR
DAGRÚN
DANR
EDDA
EGILL
EILEIFR
EINARR
EINDRIÐI
EIRÍKR
ERLENDR
ERLINGR
EYDÍS
EYSTEINN
EYVINDR
FÉLAGI
FINNR
FLÆMINGR
FÓLKI
FRÍÐA
FRIÐÞJÓFR
FRÓÐI
GAUTI
GAUTSTAFR
GEIRR
GRÍMHILDR
GULBRANDR
GULLA
GUNNA
GUNNARR
GUNNBJØRG
GUNNHILDR
GUNNI
GUNNVALDR
GUNNVØR
GUÐBRANDR
GUÐFRIÐR
GUÐLAUG
GUÐLEIF
GUÐLEIFR
GUÐMUNDR
GUÐRÍÐR
GUÐRÚN
GYÐA
HÁKON
HÁLFDAN
HALLBJØRN
HALLI
HALLR
HALLSTEINN
HALLÞÓRA
HALLÞÓRR
HALLVARÐR
HARALDR
HÁVARÐR
HELGA
HELGI
HEMINGR
HERLEIFR
HILDR
HJÁLMARR
HJØRDÍS
HLÍF
HÓLMGEIRR
HRAFN
HREIÐARR
HREIÐUNN
HRÓALDR
HRÓARR
HRŒREKR
HRÓLFR
HRÓÐGEIRR
HRÓÐÓLFR
HRÓÐVALDR
HUGLEIKR
INGA
INGI
INGIBJØRG
INGIGERÐR
INGIMÁRR
INGÓLFR
INGRÍÐR
INGUNN
INGVILDR
IÐUNN
ÍVARR
JARL
JÓRUNNR
JÓSTEINN
KÁLFR
KÁRI
KATLA
KETILL
KETILRIÐR
KNÚTR
KÓRI
LEIFR
MAGNHILDR
MAGNI
MUNDI
MYRGJØL
NJÁLL
ODDBJØRN
ODDR
ODDVARR
ÓLAUG
ØLVIR
RAGNA
RAGNARR
RAGNBJØRG
RAGNFRÍÐR
RAGNHEIÐR
RAGNHILDR
RAGNVALDR
RANDÚLFR
RÁÐÚLFR
RÚNA
RÚNI
SIGFRØÐR
SIGMUNDR
SIGNÝ
SIGRÍÐR
SIGRÚN
SIGSTEINN
SIGURÐR
SINDRI
SNORRI
SÓLVEIG
STÁLI
STEINARR
STEINGRÍMR
STEINN
STÍGANDR
STIGR
SUMARLIÐI
SUNDRI
SVANHILDR
SVANTEPOLK
SVEINN
SVERRIR
ÞONE
ÞÓRA
ÞÓRARINN
ÞÓRBJØRG
ÞÓRBJØRN
ÞÓRDÍS
ÞÓRFASTR
ÞÓRFREÐR
ÞÓRFRÍÐR
ÞÓRGEIRR
ÞÓRGÍSL
ÞÓRGNÝR
ÞÓRHILDR
ÞÓRIR
ÞÓRKETILL
ÞÓRLEIFR
ÞÓRLEIKR
ÞÓRMÓÐR
ÞÓRNÝ
ÞÓRSTEINN
ÞÓRUNN
ÞÓRVALDR
ÞÓRVEIG
ÞÓRVÍ
ÞRÓNDR
THRUD
ÞRÚÐR
ÞÝRI
TÓFA
TÓFI
TÓKI
TRYGGVI
ÚLFR
UNNR
VALDIMÁRR
VALDÍS
VÉGARÐR
VETRLIÐI
VÍGDÍS
VÍGI
VÍKINGR
VRAGI
YNGVARR
YNGVILDR